
> Configure project :
Fabric Loom: 1.17.13

> Task :compileJava UP-TO-DATE
> Task :processResources UP-TO-DATE
> Task :classes UP-TO-DATE
> Task :generateLog4jConfig UP-TO-DATE
> Task :generateDLIConfig
> Task :configureLaunch

> Task :runServer
[14:33:56] [main/INFO] (FabricLoader/GameProvider) Loading Minecraft 26.2 with Fabric Loader 0.19.3
[14:33:56] [main/INFO] (FabricLoader/Mappings) Mappings not present!
[14:33:56] [main/INFO] (FabricLoader) Loading 45 mods:
	- fabric-api 0.154.0+26.2
	   |-- fabric-key-mapping-api-v1 2.0.5+e2bdee789e
	   |-- fabric-model-loading-api-v1 8.0.14+c80601bb9e
	   |-- fabric-renderer-api-v1 14.1.1+2b0d8a229e
	   |-- fabric-renderer-indigo 9.1.1+2b0d8a229e
	   |-- fabric-rendering-v1 25.3.0+67c847259e
	   |-- fabric-screen-api-v1 5.1.0+48e3c0b09e
	   \-- fabric-sound-api-v1 2.0.5+11a26f319e
	- fabric-api-base 2.0.4+ece063239e
	- fabric-api-lookup-api-v1 2.0.17+11e1c9a39e
	- fabric-biome-api-v1 18.0.6+c7bd5b8e9e
	- fabric-block-api-v1 3.0.3+ec56b6019e
	- fabric-block-getter-api-v2 2.0.7+ec56b6019e
	- fabric-command-api-v2 3.1.0+00cb03469e
	- fabric-content-registries-v0 11.2.2+b7a678a99e
	- fabric-convention-tags-v2 4.7.0+1f023a9e9e
	- fabric-crash-report-info-v1 1.0.5+086d547a9e
	- fabric-creative-tab-api-v1 5.0.14+d871b99e9e
	- fabric-data-attachment-api-v1 2.2.17+aa0fd6fe9e
	- fabric-data-generation-api-v1 25.4.4+9e7dc27f9e
	- fabric-debug-api-v1 1.0.2+c792624d9e
	- fabric-dimensions-v1 5.1.9+9cbf5da59e
	- fabric-entity-events-v1 5.0.5+06488ac19e
	- fabric-events-interaction-v0 5.2.6+8f57f7ee9e
	- fabric-game-rule-api-v1 4.0.8+46a6d00c9e
	- fabric-gametest-api-v1 4.0.21+4a7fa0819e
	- fabric-item-api-v1 14.2.0+7aec7be39e
	- fabric-lifecycle-events-v1 4.1.3+4575b05f9e
	- fabric-loot-api-v3 3.0.17+06488ac19e
	- fabric-menu-api-v1 2.0.16+086d547a9e
	- fabric-message-api-v1 7.0.7+086d547a9e
	- fabric-networking-api-v1 6.3.3+72073ef09e
	- fabric-object-builder-api-v1 24.1.0+6fcd5f039e
	- fabric-particles-v1 5.0.18+d1756aa99e
	- fabric-permission-api-v1 1.0.2+7c33558a9e
	- fabric-permissions-api-v0 0.7.0
	- fabric-recipe-api-v1 9.0.20+11e1c9a39e
	- fabric-registry-sync-v0 7.1.0+c7bd5b8e9e
	- fabric-rendering-fluids-v1 6.0.4+06488ac19e
	- fabric-resource-conditions-api-v1 6.1.0+10e9a28b9e
	- fabric-resource-loader-v0 3.3.20+4fc5413f9e
	- fabric-resource-loader-v1 2.0.13+9edec1269e
	- fabric-serialization-api-v1 2.0.4+11a26f319e
	- fabric-tag-api-v1 2.1.3+794df31d9e
	- fabric-transfer-api-v1 8.0.11+39b5a3929e
	- fabric-transitive-access-wideners-v1 8.1.4+67c847259e
	- fabricloader 0.19.3
	- java 25
	- minecraft 26.2
	- mixinextras 0.5.4
	- sanctuary 0.5.0+26.2
	- sgui 2.1.0+26.2
[14:33:56] [main/INFO] (FabricLoader/Mixin) SpongePowered MIXIN Subsystem Version=0.8.7 Source=file:/Users/k33bz/.gradle/caches/modules-2/files-2.1/net.fabricmc/sponge-mixin/0.17.3+mixin.0.8.7/41c4a3984a80f4679e759fb9f495587acc5cdac7/sponge-mixin-0.17.3+mixin.0.8.7.jar Service=Knot/Fabric Env=SERVER
[14:33:56] [main/INFO] (FabricLoader/Mixin) Compatibility level set to JAVA_25
[14:33:57] [main/INFO] (FabricLoader/MixinExtras|Service) Initializing MixinExtras via com.llamalad7.mixinextras.service.MixinExtrasServiceImpl(version=0.5.4).
[14:34:02] [main/INFO] (sanctuary) [sanctuary] v0.5.0+26.2 initialized (server-authoritative) for Minecraft 26.2
[14:34:02] [main/INFO] (Minecraft) Environment: Environment[sessionHost=https://sessionserver.mojang.com, servicesHost=https://api.minecraftservices.com, profilesHost=https://api.mojang.com, name=PROD]
[14:34:02] [Worker-Main-5/INFO] (Minecraft) No existing world data, creating new world
[14:34:03] [main/INFO] (Minecraft) Loaded 1585 recipes
[14:34:03] [main/INFO] (Minecraft) Loaded 1688 advancements
[14:34:03] [main/INFO] (BiomeModificationImpl) Applied 0 biome modifications to 0 of 66 new biomes in 558.3 μs
[14:34:03] [Server thread/INFO] (Minecraft) Starting minecraft server version 26.2
[14:34:03] [Server thread/INFO] (Minecraft) Loading properties
[14:34:03] [Server thread/INFO] (Minecraft) Default game type: SURVIVAL
[14:34:03] [Server thread/INFO] (Minecraft) Generating keypair
[14:34:03] [Server thread/INFO] (Minecraft) Starting Minecraft server on *:25565
[14:34:04] [Server thread/WARN] (Minecraft) **** SERVER IS RUNNING IN OFFLINE/INSECURE MODE!
[14:34:04] [Server thread/WARN] (Minecraft) The server will make no attempt to authenticate usernames. Beware.
[14:34:04] [Server thread/WARN] (Minecraft) While this makes the game possible to play without internet access, it also opens up the ability for hackers to connect with any username they choose.
[14:34:04] [Server thread/WARN] (Minecraft) To change this, set "online-mode" to "true" in the server.properties file.
[14:34:04] [Server thread/INFO] (Minecraft) Preparing level "world"
[14:34:04] [Server thread/INFO] (Minecraft) Selecting global world spawn...
[14:34:06] [Server thread/INFO] (Minecraft) Loading 0 persistent chunks...
[14:34:06] [Server thread/INFO] (Minecraft) Preparing spawn area: 100%
[14:34:06] [Server thread/INFO] (Minecraft) Time elapsed: 2524 ms
[14:34:06] [Server thread/INFO] (Minecraft) Done (2.689s)! For help, type "help"
[14:34:06] [Server thread/INFO] (Minecraft) Saving chunks for level 'ServerLevel[world]'/minecraft:overworld
[14:34:07] [Server thread/INFO] (Minecraft) Saving chunks for level 'ServerLevel[world]'/minecraft:the_nether
[14:34:07] [Server thread/INFO] (Minecraft) Saving chunks for level 'ServerLevel[world]'/minecraft:the_end
[14:34:07] [Server thread/INFO] (Minecraft) ThreadedAnvilChunkStorage (world): All chunks are saved
[14:34:07] [Server thread/INFO] (Minecraft) ThreadedAnvilChunkStorage (DIM-1): All chunks are saved
[14:34:07] [Server thread/INFO] (Minecraft) ThreadedAnvilChunkStorage (DIM1): All chunks are saved
[14:34:07] [Server thread/INFO] (Minecraft) ThreadedAnvilChunkStorage: All dimensions are saved
[14:35:06] [Server thread/INFO] (Minecraft) Marked chunk [312, 312] in minecraft:overworld to be force loaded
[14:35:07] [Server thread/INFO] (Minecraft) Server empty for 60 seconds, pausing
[14:35:08] [Server thread/INFO] (Minecraft) Summoned new Nightmare Zombie
[14:35:10] [Server thread/INFO] (Minecraft) Nightmare Zombie has the following entity data: 228.99379f
[14:35:12] [Server thread/INFO] (Minecraft) World-age danger: 0.0 in-game days since last reset -> x1.15 inside a sanctuary (cap x4.0)
[14:35:14] [Server thread/INFO] (Minecraft) No kills recorded yet.

> Task :runServer FAILED

[Incubating] Problems report is available at: file:///Users/k33bz/minecraft-mods/sanctuary/build/reports/problems/problems-report.html

FAILURE: Build failed with an exception.

* What went wrong:
Execution failed for task ':runServer' (registered by plugin 'fabric-loom').
> Process 'command '/opt/homebrew/Cellar/openjdk@25/25.0.3/libexec/openjdk.jdk/Contents/Home/bin/java'' finished with non-zero exit value 143 (this value may indicate that the process was terminated with the SIGTERM signal)

* Try:
> Run with --stacktrace option to get the stack trace.
> Run with --info or --debug option to get more log output.
> Run with --scan to get full insights from a Build Scan (powered by Develocity).
> Get more help at https://help.gradle.org.

Deprecated Gradle features were used in this build, making it incompatible with Gradle 10.

You can use '--warning-mode all' to show the individual deprecation warnings and determine if they come from your own scripts or plugins.

For more on this, please refer to https://docs.gradle.org/9.6.1/userguide/command_line_interface.html#sec:command_line_warnings in the Gradle documentation.

BUILD FAILED in 1m 22s
5 actionable tasks: 2 executed, 3 up-to-date
